.\ASTCompilationUnit.java
public class ASTCompilationUnit extends SimpleNode {->/*package*/ class ASTCompilationUnit extends SimpleNode {
.\ASTFieldDeclaration.java
public class ASTFieldDeclaration extends SimpleNode {->/*package*/ class ASTFieldDeclaration extends SimpleNode {
.\ASTFunctorBlock.java
public class ASTFunctorBlock extends SimpleNode {->/*package*/ class ASTFunctorBlock extends SimpleNode {
.\ASTFunctorInputParameter.java
public class ASTFunctorInputParameter extends SimpleNode implements FunctorInputParameterProt {->/*package*/ class ASTFunctorInputParameter extends SimpleNode implements FunctorInputParameterProt {
.\ASTFunctorParameterList.java
public class ASTFunctorParameterList extends SimpleNode {->/*package*/ class ASTFunctorParameterList extends SimpleNode {
.\ASTFunctorResultType.java
public class ASTFunctorResultType extends SimpleNode implements FunctorInputParameterProt {->/*package*/ class ASTFunctorResultType extends SimpleNode implements FunctorInputParameterProt {
.\ASTFunctorType.java
public class ASTFunctorType extends SimpleNode {->/*package*/ class ASTFunctorType extends SimpleNode {
.\ASTName.java
public class ASTName extends SimpleNode {->/*package*/ class ASTName extends SimpleNode {
.\ASTPrimitiveType.java
public class ASTPrimitiveType extends SimpleNode {->/*package*/ class ASTPrimitiveType extends SimpleNode {
.\ASTSpecialBlock.java
public class ASTSpecialBlock extends SimpleNode {->/*package*/ class ASTSpecialBlock extends SimpleNode {
.\FormPreprocessor.java
public class FormPreprocessor implements FormPreprocessorConstants {->/*package*/ class FormPreprocessor implements FormPreprocessorConstants {
.\FormPreprocessorConstants.java
.\FormPreprocessorTokenManager.java
public class FormPreprocessorTokenManager implements FormPreprocessorConstants->/*package*/ class FormPreprocessorTokenManager implements FormPreprocessorConstants
.\FunctorInputParameterProt.java
.\Node.java
.\SimpleNode.java
public class SimpleNode implements Node {->/*package*/ class SimpleNode implements Node {
.\SourceConverterPrinter.java
.\ParseError.java
public class ParseError extends Exception {->/*package*/ class ParseError extends Exception {
.\Token.java
public class Token {->/*package*/ class Token {
.\ASCII_UCodeESC_CharStream.java
