    case TypeConstants.TYPE_Boolean:        return sqlStringForObject(value);
    case TypeConstants.TYPE_Character:      return sqlStringForObject(value);
    case TypeConstants.TYPE_Byte:           return sqlStringForObject(value);
    case TypeConstants.TYPE_Short:          return sqlStringForObject(value);
    case TypeConstants.TYPE_Integer:        return sqlStringForObject(value);
    case TypeConstants.TYPE_Long:           return sqlStringForObject(value);
    case TypeConstants.TYPE_Float:          return sqlStringForObject(value);
    case TypeConstants.TYPE_Double:         return sqlStringForObject(value);
    case TypeConstants.TYPE_Object:         return sqlStringForObject(value);
    case TypeConstants.TYPE_String:         return sqlStringForObject(value);
    case TypeConstants.TYPE_java_util_Date:   return sqlStringForObject(value);
    case TypeConstants.TYPE_java_sql_Date:   return sqlStringForObject(value);
    case TypeConstants.TYPE_java_sql_Time:   return sqlStringForObject(value);
    case TypeConstants.TYPE_java_sql_Timestamp:   return sqlStringForObject(value);
    case TypeConstants.TYPE_java_math_BigDecimal:   return sqlStringForObject(value);
    case TypeConstants.TYPE_Boolean:        return sqlStringForBoolean((Boolean) value);
    case TypeConstants.TYPE_Character:      return sqlStringForCharacter((Character) value);
    case TypeConstants.TYPE_Byte:           return sqlStringForByte((Byte) value);
    case TypeConstants.TYPE_Short:          return sqlStringForShort((Short) value);
    case TypeConstants.TYPE_Integer:        return sqlStringForInteger((Integer) value);
    case TypeConstants.TYPE_Long:           return sqlStringForLong((Long) value);
    case TypeConstants.TYPE_Float:          return sqlStringForFloat((Float) value);
    case TypeConstants.TYPE_Double:         return sqlStringForDouble((Double) value);
    case TypeConstants.TYPE_Object:         return sqlStringForObject((Object) value);
    case TypeConstants.TYPE_String:         return sqlStringForString((String) value);
    case TypeConstants.TYPE_java_util_Date:   return sqlStringForjava_util_Date((java_util_Date) value);
    case TypeConstants.TYPE_java_sql_Date:   return sqlStringForjava_sql_Date((java_sql_Date) value);
    case TypeConstants.TYPE_java_sql_Time:   return sqlStringForjava_sql_Time((java_sql_Time) value);
    case TypeConstants.TYPE_java_sql_Timestamp:   return sqlStringForjava_sql_Timestamp((java_sql_Timestamp) value);
    case TypeConstants.TYPE_java_math_BigDecimal:   return sqlStringForjava_math_BigDecimal((java_math_BigDecimal) value);
